<?xml version="1.0" encoding="UTF-8"?>
<!-- Generated by org.testng.reporters.JUnitReportReporter -->
<testsuite hostname="LNAR-PF0UHQGS" failures="0" tests="1" name="MavenTutorial.SeleniumTest" time="0.009" errors="0" timestamp="14 May 2020 20:48:49 GMT" skipped="0">
  <testcase classname="MavenTutorial.SeleniumTest" name="BrowserAutomation" time="0.009"/>
</testsuite> <!-- MavenTutorial.SeleniumTest -->
