<?xml version="1.0" encoding="UTF-8"?>
<!-- Generated by org.testng.reporters.JUnitReportReporter -->
<testsuite hostname="LNAR-PF0UHQGS" failures="0" tests="1" name="MavenTutorial.AppTest" time="0.010" errors="0" timestamp="14 May 2020 20:48:49 GMT" skipped="0">
  <testcase classname="MavenTutorial.AppTest" name="shouldAnswerWithTrue" time="0.010"/>
</testsuite> <!-- MavenTutorial.AppTest -->
